==31263== Memcheck, a memory error detector
==31263== Copyright (C) 2002-2017, and GNU GPL'd, by Julian Seward et al.
==31263== Using Valgrind-3.13.0 and LibVEX; rerun with -h for copyright info
==31263== Command: ./interpreter -v -l -f testcases/testcase-01-q-ops.cmd
==31263== 
==31263== 
==31263== HEAP SUMMARY:
==31263==     in use at exit: 3,825 bytes in 61 blocks
==31263==   total heap usage: 493 allocs, 432 frees, 751,581 bytes allocated
==31263== 
==31263== 3 bytes in 1 blocks are still reachable in loss record 1 of 43
==31263==    at 0x4C31B0F: malloc (in /usr/lib/valgrind/vgpreload_memcheck-amd64-linux.so)
==31263==    by 0x10CDD8: AddCmd (interpreter_console.c:552)
==31263==    by 0x10BCD1: ConsoleInit (interpreter_console.c:55)
==31263==    by 0x109F72: main (interpreter.c:74)
==31263== 
==31263== 3 bytes in 1 blocks are still reachable in loss record 2 of 43
==31263==    at 0x4C31B0F: malloc (in /usr/lib/valgrind/vgpreload_memcheck-amd64-linux.so)
==31263==    by 0x10CDD8: AddCmd (interpreter_console.c:552)
==31263==    by 0x10BD0B: ConsoleInit (interpreter_console.c:62)
==31263==    by 0x109F72: main (interpreter.c:74)
==31263== 
==31263== 3 bytes in 1 blocks are still reachable in loss record 3 of 43
==31263==    at 0x4C31B0F: malloc (in /usr/lib/valgrind/vgpreload_memcheck-amd64-linux.so)
==31263==    by 0x10CDD8: AddCmd (interpreter_console.c:552)
==31263==    by 0x10BD45: ConsoleInit (interpreter_console.c:69)
==31263==    by 0x109F72: main (interpreter.c:74)
==31263== 
==31263== 4 bytes in 1 blocks are still reachable in loss record 4 of 43
==31263==    at 0x4C31B0F: malloc (in /usr/lib/valgrind/vgpreload_memcheck-amd64-linux.so)
==31263==    by 0x10CDD8: AddCmd (interpreter_console.c:552)
==31263==    by 0x10BC5D: ConsoleInit (interpreter_console.c:47)
==31263==    by 0x109F72: main (interpreter.c:74)
==31263== 
==31263== 5 bytes in 1 blocks are still reachable in loss record 5 of 43
==31263==    at 0x4C31B0F: malloc (in /usr/lib/valgrind/vgpreload_memcheck-amd64-linux.so)
==31263==    by 0x10CDD8: AddCmd (interpreter_console.c:552)
==31263==    by 0x10BC23: ConsoleInit (interpreter_console.c:43)
==31263==    by 0x109F72: main (interpreter.c:74)
==31263== 
==31263== 5 bytes in 1 blocks are still reachable in loss record 6 of 43
==31263==    at 0x4C31B0F: malloc (in /usr/lib/valgrind/vgpreload_memcheck-amd64-linux.so)
==31263==    by 0x10CDD8: AddCmd (interpreter_console.c:552)
==31263==    by 0x10BC97: ConsoleInit (interpreter_console.c:51)
==31263==    by 0x109F72: main (interpreter.c:74)
==31263== 
==31263== 5 bytes in 1 blocks are still reachable in loss record 7 of 43
==31263==    at 0x4C31B0F: malloc (in /usr/lib/valgrind/vgpreload_memcheck-amd64-linux.so)
==31263==    by 0x10CDD8: AddCmd (interpreter_console.c:552)
==31263==    by 0x10BD7F: ConsoleInit (interpreter_console.c:73)
==31263==    by 0x109F72: main (interpreter.c:74)
==31263== 
==31263== 5 bytes in 1 blocks are still reachable in loss record 8 of 43
==31263==    at 0x4C31B0F: malloc (in /usr/lib/valgrind/vgpreload_memcheck-amd64-linux.so)
==31263==    by 0x10CDD8: AddCmd (interpreter_console.c:552)
==31263==    by 0x10BDF3: ConsoleInit (interpreter_console.c:81)
==31263==    by 0x109F72: main (interpreter.c:74)
==31263== 
==31263== 5 bytes in 1 blocks are still reachable in loss record 9 of 43
==31263==    at 0x4C31B0F: malloc (in /usr/lib/valgrind/vgpreload_memcheck-amd64-linux.so)
==31263==    by 0x10CDD8: AddCmd (interpreter_console.c:552)
==31263==    by 0x10BE2D: ConsoleInit (interpreter_console.c:85)
==31263==    by 0x109F72: main (interpreter.c:74)
==31263== 
==31263== 5 bytes in 1 blocks are still reachable in loss record 10 of 43
==31263==    at 0x4C31B0F: malloc (in /usr/lib/valgrind/vgpreload_memcheck-amd64-linux.so)
==31263==    by 0x10CDD8: AddCmd (interpreter_console.c:552)
==31263==    by 0x10BED8: ConsoleInit (interpreter_console.c:97)
==31263==    by 0x109F72: main (interpreter.c:74)
==31263== 
==31263== 7 bytes in 1 blocks are still reachable in loss record 11 of 43
==31263==    at 0x4C31B0F: malloc (in /usr/lib/valgrind/vgpreload_memcheck-amd64-linux.so)
==31263==    by 0x10CDD8: AddCmd (interpreter_console.c:552)
==31263==    by 0x10BE67: ConsoleInit (interpreter_console.c:89)
==31263==    by 0x109F72: main (interpreter.c:74)
==31263== 
==31263== 7 bytes in 1 blocks are still reachable in loss record 12 of 43
==31263==    at 0x4C31B0F: malloc (in /usr/lib/valgrind/vgpreload_memcheck-amd64-linux.so)
==31263==    by 0x10CDD8: AddCmd (interpreter_console.c:552)
==31263==    by 0x10BEA1: ConsoleInit (interpreter_console.c:93)
==31263==    by 0x109F72: main (interpreter.c:74)
==31263== 
==31263== 8 bytes in 1 blocks are still reachable in loss record 13 of 43
==31263==    at 0x4C31B0F: malloc (in /usr/lib/valgrind/vgpreload_memcheck-amd64-linux.so)
==31263==    by 0x10CDD8: AddCmd (interpreter_console.c:552)
==31263==    by 0x10BDB9: ConsoleInit (interpreter_console.c:77)
==31263==    by 0x109F72: main (interpreter.c:74)
==31263== 
==31263== 15 bytes in 1 blocks are still reachable in loss record 14 of 43
==31263==    at 0x4C31B0F: malloc (in /usr/lib/valgrind/vgpreload_memcheck-amd64-linux.so)
==31263==    by 0x10CE69: AddCmd (interpreter_console.c:561)
==31263==    by 0x10BED8: ConsoleInit (interpreter_console.c:97)
==31263==    by 0x109F72: main (interpreter.c:74)
==31263== 
==31263== 17 bytes in 1 blocks are still reachable in loss record 15 of 43
==31263==    at 0x4C31B0F: malloc (in /usr/lib/valgrind/vgpreload_memcheck-amd64-linux.so)
==31263==    by 0x10CE69: AddCmd (interpreter_console.c:561)
==31263==    by 0x10BC23: ConsoleInit (interpreter_console.c:43)
==31263==    by 0x109F72: main (interpreter.c:74)
==31263== 
==31263== 17 bytes in 1 blocks are still reachable in loss record 16 of 43
==31263==    at 0x4C31B0F: malloc (in /usr/lib/valgrind/vgpreload_memcheck-amd64-linux.so)
==31263==    by 0x10CE69: AddCmd (interpreter_console.c:561)
==31263==    by 0x10BC5D: ConsoleInit (interpreter_console.c:47)
==31263==    by 0x109F72: main (interpreter.c:74)
==31263== 
==31263== 17 bytes in 1 blocks are still reachable in loss record 17 of 43
==31263==    at 0x4C31B0F: malloc (in /usr/lib/valgrind/vgpreload_memcheck-amd64-linux.so)
==31263==    by 0x10CE69: AddCmd (interpreter_console.c:561)
==31263==    by 0x10BC97: ConsoleInit (interpreter_console.c:51)
==31263==    by 0x109F72: main (interpreter.c:74)
==31263== 
==31263== 17 bytes in 1 blocks are still reachable in loss record 18 of 43
==31263==    at 0x4C31B0F: malloc (in /usr/lib/valgrind/vgpreload_memcheck-amd64-linux.so)
==31263==    by 0x10CE69: AddCmd (interpreter_console.c:561)
==31263==    by 0x10BDF3: ConsoleInit (interpreter_console.c:81)
==31263==    by 0x109F72: main (interpreter.c:74)
==31263== 
==31263== 17 bytes in 1 blocks are still reachable in loss record 19 of 43
==31263==    at 0x4C31B0F: malloc (in /usr/lib/valgrind/vgpreload_memcheck-amd64-linux.so)
==31263==    by 0x10CE69: AddCmd (interpreter_console.c:561)
==31263==    by 0x10BE2D: ConsoleInit (interpreter_console.c:85)
==31263==    by 0x109F72: main (interpreter.c:74)
==31263== 
==31263== 18 bytes in 1 blocks are still reachable in loss record 20 of 43
==31263==    at 0x4C31B0F: malloc (in /usr/lib/valgrind/vgpreload_memcheck-amd64-linux.so)
==31263==    by 0x10CE69: AddCmd (interpreter_console.c:561)
==31263==    by 0x10BE67: ConsoleInit (interpreter_console.c:89)
==31263==    by 0x109F72: main (interpreter.c:74)
==31263== 
==31263== 18 bytes in 1 blocks are still reachable in loss record 21 of 43
==31263==    at 0x4C31B0F: malloc (in /usr/lib/valgrind/vgpreload_memcheck-amd64-linux.so)
==31263==    by 0x10CE69: AddCmd (interpreter_console.c:561)
==31263==    by 0x10BEA1: ConsoleInit (interpreter_console.c:93)
==31263==    by 0x109F72: main (interpreter.c:74)
==31263== 
==31263== 20 bytes in 1 blocks are still reachable in loss record 22 of 43
==31263==    at 0x4C31B0F: malloc (in /usr/lib/valgrind/vgpreload_memcheck-amd64-linux.so)
==31263==    by 0x10CE69: AddCmd (interpreter_console.c:561)
==31263==    by 0x10BDB9: ConsoleInit (interpreter_console.c:77)
==31263==    by 0x109F72: main (interpreter.c:74)
==31263== 
==31263== 24 bytes in 1 blocks are still reachable in loss record 23 of 43
==31263==    at 0x4C31B0F: malloc (in /usr/lib/valgrind/vgpreload_memcheck-amd64-linux.so)
==31263==    by 0x10D3E3: QueueNew (interpreter_queue.c:6)
==31263==    by 0x10C468: QueueNewOperation (interpreter_console.c:259)
==31263==    by 0x10D2DC: RunConsole (interpreter_console.c:669)
==31263==    by 0x109FE7: main (interpreter.c:82)
==31263== 
==31263== 25 bytes in 1 blocks are still reachable in loss record 24 of 43
==31263==    at 0x4C31B0F: malloc (in /usr/lib/valgrind/vgpreload_memcheck-amd64-linux.so)
==31263==    by 0x10CE69: AddCmd (interpreter_console.c:561)
==31263==    by 0x10BD7F: ConsoleInit (interpreter_console.c:73)
==31263==    by 0x109F72: main (interpreter.c:74)
==31263== 
==31263== 27 bytes in 1 blocks are still reachable in loss record 25 of 43
==31263==    at 0x4C31B0F: malloc (in /usr/lib/valgrind/vgpreload_memcheck-amd64-linux.so)
==31263==    by 0x10CE69: AddCmd (interpreter_console.c:561)
==31263==    by 0x10BD45: ConsoleInit (interpreter_console.c:69)
==31263==    by 0x109F72: main (interpreter.c:74)
==31263== 
==31263== 32 bytes in 1 blocks are still reachable in loss record 26 of 43
==31263==    at 0x4C31B0F: malloc (in /usr/lib/valgrind/vgpreload_memcheck-amd64-linux.so)
==31263==    by 0x10CD91: AddCmd (interpreter_console.c:546)
==31263==    by 0x10BC23: ConsoleInit (interpreter_console.c:43)
==31263==    by 0x109F72: main (interpreter.c:74)
==31263== 
==31263== 32 bytes in 1 blocks are still reachable in loss record 27 of 43
==31263==    at 0x4C31B0F: malloc (in /usr/lib/valgrind/vgpreload_memcheck-amd64-linux.so)
==31263==    by 0x10CD91: AddCmd (interpreter_console.c:546)
==31263==    by 0x10BC5D: ConsoleInit (interpreter_console.c:47)
==31263==    by 0x109F72: main (interpreter.c:74)
==31263== 
==31263== 32 bytes in 1 blocks are still reachable in loss record 28 of 43
==31263==    at 0x4C31B0F: malloc (in /usr/lib/valgrind/vgpreload_memcheck-amd64-linux.so)
==31263==    by 0x10CD91: AddCmd (interpreter_console.c:546)
==31263==    by 0x10BC97: ConsoleInit (interpreter_console.c:51)
==31263==    by 0x109F72: main (interpreter.c:74)
==31263== 
==31263== 32 bytes in 1 blocks are still reachable in loss record 29 of 43
==31263==    at 0x4C31B0F: malloc (in /usr/lib/valgrind/vgpreload_memcheck-amd64-linux.so)
==31263==    by 0x10CD91: AddCmd (interpreter_console.c:546)
==31263==    by 0x10BCD1: ConsoleInit (interpreter_console.c:55)
==31263==    by 0x109F72: main (interpreter.c:74)
==31263== 
==31263== 32 bytes in 1 blocks are still reachable in loss record 30 of 43
==31263==    at 0x4C31B0F: malloc (in /usr/lib/valgrind/vgpreload_memcheck-amd64-linux.so)
==31263==    by 0x10CD91: AddCmd (interpreter_console.c:546)
==31263==    by 0x10BD0B: ConsoleInit (interpreter_console.c:62)
==31263==    by 0x109F72: main (interpreter.c:74)
==31263== 
==31263== 32 bytes in 1 blocks are still reachable in loss record 31 of 43
==31263==    at 0x4C31B0F: malloc (in /usr/lib/valgrind/vgpreload_memcheck-amd64-linux.so)
==31263==    by 0x10CD91: AddCmd (interpreter_console.c:546)
==31263==    by 0x10BD45: ConsoleInit (interpreter_console.c:69)
==31263==    by 0x109F72: main (interpreter.c:74)
==31263== 
==31263== 32 bytes in 1 blocks are still reachable in loss record 32 of 43
==31263==    at 0x4C31B0F: malloc (in /usr/lib/valgrind/vgpreload_memcheck-amd64-linux.so)
==31263==    by 0x10CD91: AddCmd (interpreter_console.c:546)
==31263==    by 0x10BD7F: ConsoleInit (interpreter_console.c:73)
==31263==    by 0x109F72: main (interpreter.c:74)
==31263== 
==31263== 32 bytes in 1 blocks are still reachable in loss record 33 of 43
==31263==    at 0x4C31B0F: malloc (in /usr/lib/valgrind/vgpreload_memcheck-amd64-linux.so)
==31263==    by 0x10CD91: AddCmd (interpreter_console.c:546)
==31263==    by 0x10BDB9: ConsoleInit (interpreter_console.c:77)
==31263==    by 0x109F72: main (interpreter.c:74)
==31263== 
==31263== 32 bytes in 1 blocks are still reachable in loss record 34 of 43
==31263==    at 0x4C31B0F: malloc (in /usr/lib/valgrind/vgpreload_memcheck-amd64-linux.so)
==31263==    by 0x10CD91: AddCmd (interpreter_console.c:546)
==31263==    by 0x10BDF3: ConsoleInit (interpreter_console.c:81)
==31263==    by 0x109F72: main (interpreter.c:74)
==31263== 
==31263== 32 bytes in 1 blocks are still reachable in loss record 35 of 43
==31263==    at 0x4C31B0F: malloc (in /usr/lib/valgrind/vgpreload_memcheck-amd64-linux.so)
==31263==    by 0x10CD91: AddCmd (interpreter_console.c:546)
==31263==    by 0x10BE2D: ConsoleInit (interpreter_console.c:85)
==31263==    by 0x109F72: main (interpreter.c:74)
==31263== 
==31263== 32 bytes in 1 blocks are still reachable in loss record 36 of 43
==31263==    at 0x4C31B0F: malloc (in /usr/lib/valgrind/vgpreload_memcheck-amd64-linux.so)
==31263==    by 0x10CD91: AddCmd (interpreter_console.c:546)
==31263==    by 0x10BE67: ConsoleInit (interpreter_console.c:89)
==31263==    by 0x109F72: main (interpreter.c:74)
==31263== 
==31263== 32 bytes in 1 blocks are still reachable in loss record 37 of 43
==31263==    at 0x4C31B0F: malloc (in /usr/lib/valgrind/vgpreload_memcheck-amd64-linux.so)
==31263==    by 0x10CD91: AddCmd (interpreter_console.c:546)
==31263==    by 0x10BEA1: ConsoleInit (interpreter_console.c:93)
==31263==    by 0x109F72: main (interpreter.c:74)
==31263== 
==31263== 32 bytes in 1 blocks are still reachable in loss record 38 of 43
==31263==    at 0x4C31B0F: malloc (in /usr/lib/valgrind/vgpreload_memcheck-amd64-linux.so)
==31263==    by 0x10CD91: AddCmd (interpreter_console.c:546)
==31263==    by 0x10BED8: ConsoleInit (interpreter_console.c:97)
==31263==    by 0x109F72: main (interpreter.c:74)
==31263== 
==31263== 80 bytes in 1 blocks are still reachable in loss record 39 of 43
==31263==    at 0x4C31B0F: malloc (in /usr/lib/valgrind/vgpreload_memcheck-amd64-linux.so)
==31263==    by 0x10CE69: AddCmd (interpreter_console.c:561)
==31263==    by 0x10BCD1: ConsoleInit (interpreter_console.c:55)
==31263==    by 0x109F72: main (interpreter.c:74)
==31263== 
==31263== 80 bytes in 1 blocks are still reachable in loss record 40 of 43
==31263==    at 0x4C31B0F: malloc (in /usr/lib/valgrind/vgpreload_memcheck-amd64-linux.so)
==31263==    by 0x10CE69: AddCmd (interpreter_console.c:561)
==31263==    by 0x10BD0B: ConsoleInit (interpreter_console.c:62)
==31263==    by 0x109F72: main (interpreter.c:74)
==31263== 
==31263== 120 bytes in 1 blocks are possibly lost in loss record 41 of 43
==31263==    at 0x4C31B0F: malloc (in /usr/lib/valgrind/vgpreload_memcheck-amd64-linux.so)
==31263==    by 0x4EBDC6B: getdelim (iogetdelim.c:62)
==31263==    by 0x10D0C9: RunConsole (interpreter_console.c:620)
==31263==    by 0x109FE7: main (interpreter.c:82)
==31263== 
==31263== 552 bytes in 1 blocks are still reachable in loss record 42 of 43
==31263==    at 0x4C31B0F: malloc (in /usr/lib/valgrind/vgpreload_memcheck-amd64-linux.so)
==31263==    by 0x4EBCF29: __fopen_internal (iofopen.c:65)
==31263==    by 0x4EBCF29: fopen@@GLIBC_2.2.5 (iofopen.c:89)
==31263==    by 0x10D039: RunConsole (interpreter_console.c:604)
==31263==    by 0x109FE7: main (interpreter.c:82)
==31263== 
==31263== 2,280 bytes in 19 blocks are definitely lost in loss record 43 of 43
==31263==    at 0x4C31B0F: malloc (in /usr/lib/valgrind/vgpreload_memcheck-amd64-linux.so)
==31263==    by 0x4EBDC6B: getdelim (iogetdelim.c:62)
==31263==    by 0x10D0C9: RunConsole (interpreter_console.c:620)
==31263==    by 0x109FE7: main (interpreter.c:82)
==31263== 
==31263== LEAK SUMMARY:
==31263==    definitely lost: 2,280 bytes in 19 blocks
==31263==    indirectly lost: 0 bytes in 0 blocks
==31263==      possibly lost: 120 bytes in 1 blocks
==31263==    still reachable: 1,425 bytes in 41 blocks
==31263==         suppressed: 0 bytes in 0 blocks
==31263== 
==31263== For counts of detected and suppressed errors, rerun with: -v
==31263== ERROR SUMMARY: 2 errors from 2 contexts (suppressed: 0 from 0)
